Thu Oct 01 02:23:56 IST 2015 : Apache Derby Network Server - 10.11.1.2 - (1629631) started and ready to accept connections on port 1527
----------------------------------------------------------------
Thu Oct 01 02:23:57 IST 2015:
Booting Derby version The Apache Software Foundation - Apache Derby - 10.11.1.2 - (1629631): instance a816c00e-0150-2008-7596-000037efb94e 
on database directory D:\chemproject\src\chem with class loader sun.misc.Launcher$AppClassLoader@5e2de80c 
Loaded from file:/C:/Program%20Files/Java/jdk1.8.0_60/db/lib/derby.jar
java.vendor=Oracle Corporation
java.runtime.version=1.8.0_60-b27
user.dir=C:\Program Files\Java\jdk1.8.0_60\db
os.name=Windows 10
os.arch=amd64
os.version=10.0
derby.system.home=D:\chemproject\src
Database Class Loader started - derby.database.classpath=''
----------------------------------------------------------------
Thu Oct 01 02:59:00 IST 2015: Shutting down Derby engine
----------------------------------------------------------------
Thu Oct 01 02:59:00 IST 2015:
Shutting down instance a816c00e-0150-2008-7596-000037efb94e on database directory D:\chemproject\src\chem with class loader sun.misc.Launcher$AppClassLoader@5e2de80c 
----------------------------------------------------------------
